#
# There is insufficient memory for the Java Runtime Environment to continue.
# Native memory allocation (mmap) failed to map 266338304 bytes for Failed to commit area from 0x0000000702e00000 to 0x0000000712c00000 of length 266338304.
# Possible reasons:
#   The system is out of physical RAM or swap space
#   The process is running with CompressedOops enabled, and the Java Heap may be blocking the growth of the native heap
# Possible solutions:
#   Reduce memory load on the system
#   Increase physical memory or swap space
#   Check if swap backing store is full
#   Decrease Java heap size (-Xmx/-Xms)
#   Decrease number of Java threads
#   Decrease Java thread stack sizes (-Xss)
#   Set larger code cache with -XX:ReservedCodeCacheSize=
# This output file may be truncated or incomplete.
#
#  Out of Memory Error (./src/hotspot/os/windows/os_windows.cpp:3387), pid=35480, tid=39404
#
# JRE version:  (11.0.14.1+1) (build )
# Java VM: OpenJDK 64-Bit Server VM (11.0.14.1+1, mixed mode, sharing, tiered, compressed oops, g1 gc, windows-amd64)
# No core dump will be written. Minidumps are not enabled by default on client versions of Windows
#

---------------  S U M M A R Y ------------

Command Line: -Dfile.encoding=UTF-8 

Host: Intel(R) Core(TM) i7-9750H CPU @ 2.60GHz, 12 cores, 15G,  Windows 10 , 64 bit Build 19041 (10.0.19041.3155)
Time: Wed Aug 23 22:00:54 2023 Central European Daylight Time elapsed time: 0.010676 seconds (0d 0h 0m 0s)

---------------  T H R E A D  ---------------

Current thread (0x0000023a9f70b800):  JavaThread "Unknown thread" [_thread_in_vm, id=39404, stack(0x000000ba8de00000,0x000000ba8df00000)]

Stack: [0x000000ba8de00000,0x000000ba8df00000]
Native frames: (J=compiled Java code, j=interpreted, Vv=VM code, C=native code)
V  [jvm.dll+0x61e59a]
V  [jvm.dll+0x7aaca9]
V  [jvm.dll+0x7ac398]
V  [jvm.dll+0x7aca73]
V  [jvm.dll+0x24f9b8]
V  [jvm.dll+0x61b83a]
V  [jvm.dll+0x6100c5]
V  [jvm.dll+0x30772c]
V  [jvm.dll+0x3075b2]
V  [jvm.dll+0x30c2d6]
V  [jvm.dll+0x35272f]
V  [jvm.dll+0x352160]
V  [jvm.dll+0x2e4728]
V  [jvm.dll+0x2e5886]
V  [jvm.dll+0x784b07]
V  [jvm.dll+0x78628f]
V  [jvm.dll+0x35f479]
V  [jvm.dll+0x767aa0]
V  [jvm.dll+0x3ccf1f]
V  [jvm.dll+0x3cf2b1]
C  [jli.dll+0x5207]
C  [ucrtbase.dll+0x21bb2]
C  [KERNEL32.DLL+0x17614]
C  [ntdll.dll+0x526b1]


---------------  P R O C E S S  ---------------

Threads class SMR info:
_java_thread_list=0x0000023a9f4b1450, length=0, elements={
}

Java Threads: ( => current thread )

Other Threads:
  0x0000023a9f723000 GCTaskThread "GC Thread#0" [stack: 0x000000ba8df00000,0x000000ba8e000000] [id=27620]
  0x0000023a9f782000 ConcurrentGCThread "G1 Main Marker" [stack: 0x000000ba8e000000,0x000000ba8e100000] [id=36620]
  0x0000023a9f783800 ConcurrentGCThread "G1 Conc#0" [stack: 0x000000ba8e100000,0x000000ba8e200000] [id=23212]

[error occurred during error reporting (printing all threads), id 0xc0000005, EXCEPTION_ACCESS_VIOLATION (0xc0000005) at pc=0x00007ff9217c3ef7]

VM state:not at safepoint (not fully initialized)

VM Mutex/Monitor currently owned by a thread:  ([mutex/lock_event])
[0x0000023a9f7077a0] Heap_lock - owner thread: 0x0000023a9f70b800

Heap address: 0x0000000702e00000, size: 4050 MB, Compressed Oops mode: Non-zero based: 0x0000000702e00000
Narrow klass base: 0x0000000000000000, Narrow klass shift: 0

GC Heap History (0 events):
No events

Deoptimization events (0 events):
No events

Classes redefined (0 events):
No events

Internal exceptions (0 events):
No events

Events (1 events):
Event: 0.006 Loaded shared library C:\Program Files\Unity\Hub\Editor\2022.2.5f1-x86_64\Editor\Data\PlaybackEngines\AndroidPlayer\OpenJDK\bin\zip.dll


Dynamic libraries:
0x00007ff79c4f0000 - 0x00007ff79c4fd000 	C:\Program Files\Unity\Hub\Editor\2022.2.5f1-x86_64\Editor\Data\PlaybackEngines\AndroidPlayer\OpenJDK\bin\java.exe
0x00007ff9c2e10000 - 0x00007ff9c3008000 	C:\WINDOWS\SYSTEM32\ntdll.dll
0x00007ff9c1380000 - 0x00007ff9c143f000 	C:\WINDOWS\System32\KERNEL32.DLL
0x00007ff9c09f0000 - 0x00007ff9c0ce6000 	C:\WINDOWS\System32\KERNELBASE.dll
0x00007ff9c0730000 - 0x00007ff9c0830000 	C:\WINDOWS\System32\ucrtbase.dll
0x00007ff997bc0000 - 0x00007ff997bd7000 	C:\Program Files\Unity\Hub\Editor\2022.2.5f1-x86_64\Editor\Data\PlaybackEngines\AndroidPlayer\OpenJDK\bin\jli.dll
0x00007ff997be0000 - 0x00007ff997bf5000 	C:\Program Files\Unity\Hub\Editor\2022.2.5f1-x86_64\Editor\Data\PlaybackEngines\AndroidPlayer\OpenJDK\bin\VCRUNTIME140.dll
0x00007ff9c0fb0000 - 0x00007ff9c114d000 	C:\WINDOWS\System32\USER32.dll
0x00007ff9c0d60000 - 0x00007ff9c0d82000 	C:\WINDOWS\System32\win32u.dll
0x00007ff9ab050000 - 0x00007ff9ab2ea000 	C:\WINDOWS\WinSxS\amd64_microsoft.windows.common-controls_6595b64144ccf1df_6.0.19041.1110_none_60b5254171f9507e\COMCTL32.dll
0x00007ff9c29b0000 - 0x00007ff9c29dc000 	C:\WINDOWS\System32\GDI32.dll
0x00007ff9c2ca0000 - 0x00007ff9c2d3e000 	C:\WINDOWS\System32\msvcrt.dll
0x00007ff9c08d0000 - 0x00007ff9c09e5000 	C:\WINDOWS\System32\gdi32full.dll
0x00007ff9c0830000 - 0x00007ff9c08cd000 	C:\WINDOWS\System32\msvcp_win.dll
0x00007ff9c0f10000 - 0x00007ff9c0f40000 	C:\WINDOWS\System32\IMM32.DLL
0x00007ff96feb0000 - 0x00007ff96ff4b000 	C:\Program Files\Unity\Hub\Editor\2022.2.5f1-x86_64\Editor\Data\PlaybackEngines\AndroidPlayer\OpenJDK\bin\msvcp140.dll
0x00007ff9214d0000 - 0x00007ff922051000 	C:\Program Files\Unity\Hub\Editor\2022.2.5f1-x86_64\Editor\Data\PlaybackEngines\AndroidPlayer\OpenJDK\bin\server\jvm.dll
0x00007ff9c1150000 - 0x00007ff9c11ff000 	C:\WINDOWS\System32\ADVAPI32.dll
0x00007ff9c2b80000 - 0x00007ff9c2c1c000 	C:\WINDOWS\System32\sechost.dll
0x00007ff9c2a50000 - 0x00007ff9c2b76000 	C:\WINDOWS\System32\RPCRT4.dll
0x00007ff9c0f40000 - 0x00007ff9c0f48000 	C:\WINDOWS\System32\PSAPI.DLL
0x00007ff9aca40000 - 0x00007ff9aca49000 	C:\WINDOWS\SYSTEM32\WSOCK32.dll
0x00007ff9bdb40000 - 0x00007ff9bdb67000 	C:\WINDOWS\SYSTEM32\WINMM.dll
0x00007ff9c1310000 - 0x00007ff9c137b000 	C:\WINDOWS\System32\WS2_32.dll
0x00007ff9b6fd0000 - 0x00007ff9b6fda000 	C:\WINDOWS\SYSTEM32\VERSION.dll
0x00007ff9becf0000 - 0x00007ff9bed02000 	C:\WINDOWS\SYSTEM32\kernel.appcore.dll
0x00007ff997bb0000 - 0x00007ff997bc0000 	C:\Program Files\Unity\Hub\Editor\2022.2.5f1-x86_64\Editor\Data\PlaybackEngines\AndroidPlayer\OpenJDK\bin\verify.dll
0x00007ff9be320000 - 0x00007ff9be504000 	C:\WINDOWS\SYSTEM32\DBGHELP.DLL
0x00007ff9bda20000 - 0x00007ff9bda54000 	C:\WINDOWS\SYSTEM32\dbgcore.DLL
0x00007ff9c06a0000 - 0x00007ff9c0722000 	C:\WINDOWS\System32\bcryptPrimitives.dll
0x00007ff993b50000 - 0x00007ff993b78000 	C:\Program Files\Unity\Hub\Editor\2022.2.5f1-x86_64\Editor\Data\PlaybackEngines\AndroidPlayer\OpenJDK\bin\java.dll
0x00007ff993b40000 - 0x00007ff993b4a000 	C:\Program Files\Unity\Hub\Editor\2022.2.5f1-x86_64\Editor\Data\PlaybackEngines\AndroidPlayer\OpenJDK\bin\jimage.dll
0x00007ff993b20000 - 0x00007ff993b38000 	C:\Program Files\Unity\Hub\Editor\2022.2.5f1-x86_64\Editor\Data\PlaybackEngines\AndroidPlayer\OpenJDK\bin\zip.dll

dbghelp: loaded successfully - version: 4.0.5 - missing functions: none
symbol engine: initialized successfully - sym options: 0x614 - pdb path: .;C:\Program Files\Unity\Hub\Editor\2022.2.5f1-x86_64\Editor\Data\PlaybackEngines\AndroidPlayer\OpenJDK\bin;C:\WINDOWS\SYSTEM32;C:\WINDOWS\WinSxS\amd64_microsoft.windows.common-controls_6595b64144ccf1df_6.0.19041.1110_none_60b5254171f9507e;C:\Program Files\Unity\Hub\Editor\2022.2.5f1-x86_64\Editor\Data\PlaybackEngines\AndroidPlayer\OpenJDK\bin\server

VM Arguments:
jvm_args: -Dfile.encoding=UTF-8 
java_command: <unknown>
java_class_path (initial): <not set>
Launcher Type: SUN_STANDARD

[Global flags]
     intx CICompilerCount                          = 4                                         {product} {ergonomic}
     uint ConcGCThreads                            = 3                                         {product} {ergonomic}
     uint G1ConcRefinementThreads                  = 10                                        {product} {ergonomic}
   size_t G1HeapRegionSize                         = 1048576                                   {product} {ergonomic}
    uintx GCDrainStackTargetSize                   = 64                                        {product} {ergonomic}
   size_t InitialHeapSize                          = 266338304                                 {product} {ergonomic}
   size_t MarkStackSize                            = 4194304                                   {product} {ergonomic}
   size_t MaxHeapSize                              = 4246732800                                {product} {ergonomic}
   size_t MinHeapDeltaBytes                        = 1048576                                   {product} {ergonomic}
    uintx NonNMethodCodeHeapSize                   = 5836300                                {pd product} {ergonomic}
    uintx NonProfiledCodeHeapSize                  = 122910970                              {pd product} {ergonomic}
    uintx ProfiledCodeHeapSize                     = 122910970                              {pd product} {ergonomic}
    uintx ReservedCodeCacheSize                    = 251658240                              {pd product} {ergonomic}
     bool SegmentedCodeCache                       = true                                      {product} {ergonomic}
     bool UseCompressedClassPointers               = true                                 {lp64_product} {ergonomic}
     bool UseCompressedOops                        = true                                 {lp64_product} {ergonomic}
     bool UseG1GC                                  = true                                      {product} {ergonomic}
     bool UseLargePagesIndividualAllocation        = false                                  {pd product} {ergonomic}

Logging:
Log output configuration:
 #0: stdout all=warning uptime,level,tags
 #1: stderr all=off uptime,level,tags

Environment Variables:
JAVA_TOOL_OPTIONS=-Dfile.encoding=UTF-8
PATH=C:\Program Files (x86)\Common Files\Intel\Shared Libraries\redist\intel64_win\compiler;C:\Windows\system32;C:\Windows;C:\Windows\System32\Wbem;C:\Windows\System32\WindowsPowerShell\v1.0\;C:\Windows\System32\OpenSSH\;C:\Program Files (x86)\NVIDIA Corporation\PhysX\Common;C:\Program Files\NVIDIA Corporation\NVIDIA NvDLISR;C:\Program Files\Git\cmd;C:\WINDOWS\system32;C:\WINDOWS;C:\WINDOWS\System32\Wbem;C:\WINDOWS\System32\WindowsPowerShell\v1.0\;C:\WINDOWS\System32\OpenSSH\;C:\Program Files\dotnet\;C:\Users\slado\AppData\Local\Microsoft\WindowsApps;C:\Users\slado\AppData\Local\GitHubDesktop\bin;%USERPROFILE%\AppData\Local\Microsoft\WindowsApps;
USERNAME=miha
OS=Windows_NT
PROCESSOR_IDENTIFIER=Intel64 Family 6 Model 158 Stepping 10, GenuineIntel



---------------  S Y S T E M  ---------------

OS: Windows 10 , 64 bit Build 19041 (10.0.19041.3155)
OS uptime: 13 days 11:08 hours

CPU:total 12 (initial active 12) (6 cores per cpu, 2 threads per core) family 6 model 158 stepping 10 microcode 0xde, cmov, cx8, fxsr, mmx, sse, sse2, sse3, ssse3, sse4.1, sse4.2, popcnt, avx, avx2, aes, clmul, erms, 3dnowpref, lzcnt, ht, tsc, tscinvbit, bmi1, bmi2, adx, fma

Memory: 4k page, system-wide physical 16196M (1056M free)
TotalPageFile size 55308M (AvailPageFile size 225M)
current process WorkingSet (physical memory assigned to process): 10M, peak: 10M
current process commit charge ("private bytes"): 64M, peak: 318M

vm_info: OpenJDK 64-Bit Server VM (11.0.14.1+1) for windows-amd64 JRE (11.0.14.1+1), built on Feb  9 2022 01:48:27 by "" with unknown MS VC++:1916

END.
